<?xml version="1.0" encoding="UTF-8"?>
<!-- Generated by org.testng.reporters.JUnitXMLReporter -->
<testsuite hostname="tm0725142.gsm1900.org" ignored="0" name="Default test" tests="3" failures="0" timestamp="2020-05-20T13:13:41 CDT" time="0.035" errors="0">
  <testcase name="sampleTestCase1" time="0.003" classname="com.rakesh.AppTest"/>
  <testcase name="sampleTestCase2" time="0.001" classname="com.rakesh.AppTest"/>
  <testcase name="sampleTestCase3" time="0.001" classname="com.rakesh.AppTest"/>
</testsuite> <!-- Default test -->
