<?xml version="1.0" encoding="UTF-8"?>
<!-- Generated by org.testng.reporters.JUnitXMLReporter -->
<testsuite hostname="tm0725142.gsm1900.org" ignored="0" name="Test" tests="3" failures="0" timestamp="2020-05-20T13:15:00 CDT" time="0.037" errors="0">
  <testcase name="sampleTestCase1" time="0.004" classname="com.rakesh.AppTest"/>
  <testcase name="sampleTestCase2" time="0.001" classname="com.rakesh.AppTest"/>
  <testcase name="sampleTestCase4" time="0.0" classname="com.rakesh.AppTest">
    <skipped/>
  </testcase> <!-- sampleTestCase4 -->
</testsuite> <!-- Test -->
